app/build/intermediates/manifest_merge_blame_file/debug/manifest-merger-blame-debug-report.txt
1<?xml version="1.0" encoding="utf-8"?>
2<manifest xmlns:android="http://schemas.android.com/apk/res/android"
3    package="com.example.exam"
4    android:versionCode="1"
5    android:versionName="1.0" >
6
7    <uses-sdk
8        android:minSdkVersion="21"
8-->src\main\AndroidManifest.xml
9        android:targetSdkVersion="30" />
9-->src\main\AndroidManifest.xml
10
11    <application
11-->src\main\AndroidManifest.xml:5:5-27:19
12        android:allowBackup="true"
12-->src\main\AndroidManifest.xml:6:9-35
13        android:appComponentFactory="androidx.core.app.CoreComponentFactory"
13-->[androidx.core:core:1.5.0] AndroidManifest.xml:24:18-86
14        android:debuggable="true"
15        android:icon="@drawable/ex"
15-->src\main\AndroidManifest.xml:7:9-36
16        android:label="@string/app_name"
16-->src\main\AndroidManifest.xml:8:9-41
17        android:roundIcon="@drawable/ex"
17-->src\main\AndroidManifest.xml:9:9-41
18        android:supportsRtl="true"
18-->src\main\AndroidManifest.xml:10:9-35
19        android:testOnly="true"
20        android:theme="@style/Theme.Exam" >
20-->src\main\AndroidManifest.xml:11:9-42
21        <activity android:name="com.example.exam.Star_activity" >
21-->src\main\AndroidManifest.xml:12:9-20:20
21-->src\main\AndroidManifest.xml:13:13-42
22            android:exported="true"
23            <intent-filter>
23-->src\main\AndroidManifest.xml:15:13-19:29
24                <action android:name="android.intent.action.MAIN" />
24-->src\main\AndroidManifest.xml:16:17-69
24-->src\main\AndroidManifest.xml:16:25-66
25
26                <category android:name="android.intent.category.LAUNCHER" />
26-->src\main\AndroidManifest.xml:18:17-77
26-->src\main\AndroidManifest.xml:18:27-74
27            </intent-filter>
28        </activity>
29        <activity
29-->src\main\AndroidManifest.xml:21:9-26:20
30            android:name="com.example.exam.MainActivity"
30-->src\main\AndroidManifest.xml:22:13-41
31            android:exported="true"
31-->src\main\AndroidManifest.xml:23:13-36
32            android:label="@string/app_name"
32-->src\main\AndroidManifest.xml:24:13-45
33            android:theme="@style/Theme.Exam.NoActionBar" >
33-->src\main\AndroidManifest.xml:25:13-58
34        </activity>
35    </application>
36
37</manifest>